<?xml version="1.0" encoding="UTF-8"?>
<!-- Generated by org.testng.reporters.JUnitXMLReporter -->
<testsuite ignored="1" hostname="Alnobl" failures="0" tests="2" name="Default test" time="8.403" errors="0" timestamp="2024-04-27T18:51:27 AST">
  <testcase classname="testPackage.Testcase" name="myTest" time="0.972"/>
  <testcase classname="testPackage.Testcase" name="regestrationNewAccount" time="5.069"/>
  <testcase classname="testPackage.Testcase" name="regestrationNgewAccount" time="0.0">
    <ignored/>
  </testcase> <!-- regestrationNgewAccount -->
</testsuite> <!-- Default test -->
