<?xml version="1.0" encoding="UTF-8"?>
<!-- Generated by org.testng.reporters.JUnitXMLReporter -->
<testsuite ignored="4" hostname="Alnobl" failures="0" tests="1" name="Default test" time="2.446" errors="0" timestamp="2024-05-07T20:40:25 AST">
  <testcase classname="testPackage.Testcase" name="asrestForPhoneNumber" time="0.888"/>
  <testcase classname="testPackage.Testcase" name="loginSuiteTest" time="0.0">
    <ignored/>
  </testcase> <!-- loginSuiteTest -->
  <testcase classname="testPackage.Testcase" name="regestrationNewAccount" time="0.0">
    <ignored/>
  </testcase> <!-- regestrationNewAccount -->
  <testcase classname="testPackage.Testcase" name="regestrationNgewAccount" time="0.0">
    <ignored/>
  </testcase> <!-- regestrationNgewAccount -->
  <testcase classname="testPackage.Testcase" name="myTest" time="0.0">
    <ignored/>
  </testcase> <!-- myTest -->
</testsuite> <!-- Default test -->
