<?xml version="1.0" encoding="UTF-8"?>
<testng-results ignored="4" total="5" passed="1" failed="0" skipped="0">
  <reporter-output>
  </reporter-output>
  <suite started-at="2024-05-07T20:40:22 AST" name="Default suite" finished-at="2024-05-07T20:40:25 AST" duration-ms="2446">
    <groups>
    </groups>
    <test started-at="2024-05-07T20:40:22 AST" name="Default test" finished-at="2024-05-07T20:40:25 AST" duration-ms="2446">
      <class name="testPackage.Testcase">
        <test-method is-config="true" signature="mySetup()[pri:0, instance:testPackage.Testcase@31000e60]" started-at="2024-05-07T20:40:22 AST" name="mySetup" finished-at="2024-05-07T20:40:24 AST" duration-ms="1517" status="PASS">
          <reporter-output>
          </reporter-output>
        </test-method> <!-- mySetup -->
        <test-method signature="asrestForPhoneNumber()[pri:4, instance:testPackage.Testcase@31000e60]" started-at="2024-05-07T20:40:24 AST" name="asrestForPhoneNumber" finished-at="2024-05-07T20:40:25 AST" duration-ms="888" status="PASS">
          <reporter-output>
          </reporter-output>
        </test-method> <!-- asrestForPhoneNumber -->
      </class> <!-- testPackage.Testcase -->
    </test> <!-- Default test -->
  </suite> <!-- Default suite -->
</testng-results>
